Arguments: 
  C:\Program Files\nodejs\node.exe C:\Program Files (x86)\Yarn\bin\yarn.js

PATH: 
  C:\Program Files\Common Files\Oracle\Java\javapath;C:\Python311\Scripts\;C:\Python311\;C:\Program Files (x86)\Common Files\Oracle\Java\javapath;C:\WINDOWS\system32;C:\WINDOWS;C:\WINDOWS\System32\Wbem;C:\WINDOWS\System32\WindowsPowerShell\v1.0\;C:\WINDOWS\System32\OpenSSH\;C:\ProgramData\chocolatey\bin;C:\Program Files\Git\cmd;C:\Program Files (x86)\Yarn\bin\;C:\Users\Etudiant\AppData\Roaming\nvm;C:\Program Files\nodejs;C:\Program Files\Docker\Docker\resources\bin;C:\Users\alexi\.console-ninja\.bin;C:\Users\alexi\AppData\Local\Microsoft\WindowsApps;C:\Users\alexi\AppData\Local\Programs\Microsoft VS Code\bin;C:\Users\alexi\AppData\Roaming\npm

Yarn version: 
  1.22.19

Node version: 
  18.17.1

Platform: 
  win32 x64

Trace: 
  SyntaxError: C:\Users\alexi\Desktop\LaKatreRoux.fr\api\package.json: Unexpected token } in JSON at position 1570
      at JSON.parse (<anonymous>)
      at C:\Program Files (x86)\Yarn\lib\cli.js:1629:59
      at Generator.next (<anonymous>)
      at step (C:\Program Files (x86)\Yarn\lib\cli.js:310:30)
      at C:\Program Files (x86)\Yarn\lib\cli.js:321:13

npm manifest: 
  {
    "name": "api",
    "version": "1.0.0",
    "description": "",
    "main": "index.js",
    "scripts": {
      "dev": "clear || cls & nodemon --config nodemon.json src/app.ts",
      "build": "tsc",
      "start": "node dist/src/app.js"
    },
    "keywords": [],
    "author": "",
    "license": "ISC",
    "dependencies": {
      "@types/bcrypt": "^5.0.0",
      "@types/body-parser": "^1.19.2",
      "@types/config": "^3.3.0",
      "@types/cors": "^2.8.13",
      "@types/jsonwebtoken": "^9.0.2",
      "@types/lodash": "^4.14.191",
      "@types/mongoose": "^5.11.97",
      "@types/nanoid": "^3.0.0",
      "@types/node": "^18.11.18",
      "@types/pino-pretty": "^5.0.0",
      "@types/typescript": "^2.0.0",
      "@types/yup": "^0.32.0",
      "@typescript-eslint/eslint-plugin": "^5.0.0",
      "@typescript-eslint/parser": "^5.0.0",
      "bcrypt": "^5.1.0",
      "body-parser": "^1.20.2",
      "config": "^3.3.8",
      "cors": "^2.8.5",
      "dayjs": "^1.11.7",
      "dotenv-flow": "^3.2.0",
      "eslint": "^8.31.0",
      "eslint-config-prettier": "^8.3.0",
      "eslint-plugin-prettier": "^4.0.0",
      "express": "^4.18.2",
      "express-useragent": "^1.0.15",
      "ipaddr.js": "^2.0.1",
      "jsonwebtoken": "^9.0.0",
      "lodash": "^4.17.21",
      "mongoose": "^6.8.3",
      "nanoid": "^4.0.0",
      "pino": "5.x",
      "pino-pretty": "^9.1.1",
      "prettier": "^2.8.2",
      "ts-node": "^10.9.1",
      "typescript": "^4.9.4",
      "yup": "^0.32.11"
    },
    "devDependencies": {
      "@types/dotenv-flow": "^3.2.0",
      "@types/express": "^4.17.15",
      "@types/express-useragent": "^1.0.2",
      "@types/pino": "5.x"
    }
  }
  
  }

yarn manifest: 
  No manifest

Lockfile: 
  No lockfile
